<?xml version="1.0" encoding="UTF-8"?>
<testng-results ignored="0" total="1" passed="1" failed="0" skipped="0">
  <reporter-output>
  </reporter-output>
  <suite started-at="2022-04-18T23:46:53 IST" name="Default suite" finished-at="2022-04-18T23:46:53 IST" duration-ms="117">
    <groups>
    </groups>
    <test started-at="2022-04-18T23:46:53 IST" name="Default test" finished-at="2022-04-18T23:46:53 IST" duration-ms="117">
      <class name="com.actitime.tyss.datadriverntesting.ReadDataFromPropertyFile_02test">
        <test-method signature="ReadDataFromPropertyFile()[pri:0, instance:com.actitime.tyss.datadriverntesting.ReadDataFromPropertyFile_02test@3059cbc]" started-at="2022-04-18T23:46:53 IST" name="ReadDataFromPropertyFile" finished-at="2022-04-18T23:46:53 IST" duration-ms="20" status="PASS">
          <reporter-output>
          </reporter-output>
        </test-method> <!-- ReadDataFromPropertyFile -->
      </class> <!-- com.actitime.tyss.datadriverntesting.ReadDataFromPropertyFile_02test -->
    </test> <!-- Default test -->
  </suite> <!-- Default suite -->
</testng-results>
