<?xml version="1.0" encoding="UTF-8"?>
<!-- Generated by org.testng.reporters.JUnitXMLReporter -->
<testsuite ignored="0" hostname="Jays-MacBook-Pro.local" failures="0" tests="16" name="FullRegressionTesting" time="0.26" errors="0" timestamp="2022-04-18T17:07:35 IST">
  <testcase classname="testNG.BookTicketByReadingTheData" name="bookTicket" time="0.022"/>
  <testcase classname="testNG.BookTicketByReadingTheData" name="bookTicket" time="0.008"/>
  <testcase classname="testNG.BookTicketByReadingTheData" name="bookTicket" time="0.002"/>
  <testcase classname="testNG.BookTicketByReadingTheData" name="bookTicket" time="0.003"/>
  <testcase classname="testNG.BookTicketByReadingTheData" name="bookTicket" time="0.002"/>
  <testcase classname="testNG.DataProviderInAnotherClass" name="bookTicketTest" time="0.005"/>
  <testcase classname="testNG.DataProviderInAnotherClass" name="bookTicketTest" time="0.003"/>
  <testcase classname="testNG.DataProviderInAnotherClass" name="bookTicketTest" time="0.001"/>
  <testcase classname="testNG.DataProviderInAnotherClass" name="bookTicketTest" time="0.001"/>
  <testcase classname="testNG.DataProviderInAnotherClass" name="bookTicketTest" time="0.008"/>
  <testcase classname="testNG.TestNGClass" name="testCase01Test" time="0.001"/>
  <testcase classname="testNG.TestNGClass" name="testCase02Test" time="0.001"/>
  <testcase classname="testNG.TestNGClass" name="testCase03Test" time="0.002"/>
  <testcase classname="testNG.TestNGClass" name="testCase04Test" time="0.001"/>
  <testcase classname="testNG.TestNGClass" name="testCase05Test" time="0.044"/>
  <testcase classname="testNG.TestNGClass" name="testCase06Test" time="0.002"/>
</testsuite> <!-- FullRegressionTesting -->
