<?xml version="1.0" encoding="UTF-8"?>
<!-- Generated by org.testng.reporters.JUnitXMLReporter -->
<testsuite ignored="0" hostname="Jays-MacBook-Pro.local" failures="0" tests="6" name="Test" time="0.097" errors="0" timestamp="2022-04-18T17:50:04 IST">
  <testcase classname="testNG.GroupExecutionClass" name="atestCase_01Test" time="0.011"/>
  <testcase classname="testNG.GroupExecutionClass" name="atestCase_02Test" time="0.003"/>
  <testcase classname="testNG.GroupExecutionClass" name="atestCase_03Test" time="0.002"/>
  <testcase classname="testNG.GroupExecutionClass_02" name="atestCase_01Test" time="0.005"/>
  <testcase classname="testNG.GroupExecutionClass_02" name="atestCase_02Test" time="0.001"/>
  <testcase classname="testNG.GroupExecutionClass_02" name="atestCase_03Test" time="0.008"/>
</testsuite> <!-- Test -->
